<?xml version="1.0" encoding="UTF-8"?>
<!-- Generated by org.testng.reporters.JUnitXMLReporter -->
<testsuite ignored="0" hostname="RaviKantPal" failures="0" tests="3" name="Default test" time="0.029" errors="0" timestamp="2022-03-10T22:09:53 IST">
  <testcase classname="com.day.testng.FirstTestCase" name="login" time="0.006"/>
  <testcase classname="com.day.testng.FirstTestCase" name="logout" time="0.001"/>
  <testcase classname="com.day.testng.FirstTestCase" name="openURL" time="0.001"/>
</testsuite> <!-- Default test -->
