<?xml version="1.0" encoding="UTF-8"?>
<testng-results ignored="0" total="3" passed="3" failed="0" skipped="0">
  <reporter-output>
  </reporter-output>
  <suite started-at="2022-03-10T22:09:53 IST" name="Default suite" finished-at="2022-03-10T22:09:53 IST" duration-ms="29">
    <groups>
    </groups>
    <test started-at="2022-03-10T22:09:53 IST" name="Default test" finished-at="2022-03-10T22:09:53 IST" duration-ms="29">
      <class name="com.day.testng.FirstTestCase">
        <test-method signature="login()[pri:0, instance:com.day.testng.FirstTestCase@48e4374]" started-at="2022-03-10T22:09:53 IST" name="login" description="now login the application" finished-at="2022-03-10T22:09:53 IST" duration-ms="6" status="PASS">
          <reporter-output>
          </reporter-output>
        </test-method> <!-- login -->
        <test-method signature="logout()[pri:0, instance:com.day.testng.FirstTestCase@48e4374]" started-at="2022-03-10T22:09:53 IST" name="logout" description="now logout from the application" finished-at="2022-03-10T22:09:53 IST" duration-ms="1" status="PASS">
          <reporter-output>
          </reporter-output>
        </test-method> <!-- logout -->
        <test-method signature="openURL()[pri:0, instance:com.day.testng.FirstTestCase@48e4374]" started-at="2022-03-10T22:09:53 IST" name="openURL" description="open the url of the provided site" finished-at="2022-03-10T22:09:53 IST" duration-ms="1" status="PASS">
          <reporter-output>
          </reporter-output>
        </test-method> <!-- openURL -->
      </class> <!-- com.day.testng.FirstTestCase -->
    </test> <!-- Default test -->
  </suite> <!-- Default suite -->
</testng-results>
